0 info it worked if it ends with ok
1 verbose cli [ '/usr/local/bin/node',
1 verbose cli   '/usr/local/bin/npm',
1 verbose cli   'install',
1 verbose cli   'ngCordova',
1 verbose cli   '--save' ]
2 info using npm@2.14.7
3 info using node@v4.2.1
4 verbose install initial load of /Users/Sevifer/Web/ionic/watsinley/package.json
5 warn package.json watsinley@1.1.1 No repository field.
6 warn package.json watsinley@1.1.1 No README data
7 warn package.json watsinley@1.1.1 No license field.
8 verbose installManyTop reading scoped package data from /Users/Sevifer/Web/ionic/watsinley/node_modules/atom/package.json
9 verbose readDependencies loading dependencies from /Users/Sevifer/Web/ionic/watsinley/package.json
10 silly cache add args [ 'ngCordova', null ]
11 verbose cache add spec ngCordova
12 silly cache add parsed spec Result {
12 silly cache add   raw: 'ngCordova',
12 silly cache add   scope: null,
12 silly cache add   name: 'ngCordova',
12 silly cache add   rawSpec: '',
12 silly cache add   spec: '*',
12 silly cache add   type: 'range' }
13 silly addNamed ngCordova@*
14 verbose addNamed "*" is a valid semver range for ngCordova
15 silly addNameRange { name: 'ngCordova', range: '*', hasData: false }
16 silly mapToRegistry name ngCordova
17 silly mapToRegistry using default registry
18 silly mapToRegistry registry https://registry.npmjs.org/
19 silly mapToRegistry uri https://registry.npmjs.org/ngCordova
20 verbose addNameRange registry:https://registry.npmjs.org/ngCordova not in flight; fetching
21 verbose request uri https://registry.npmjs.org/ngCordova
22 verbose request no auth needed
23 info attempt registry request try #1 at 16:15:20
24 verbose request id b6c63bb88aa08bab
25 http request GET https://registry.npmjs.org/ngCordova
26 http 404 https://registry.npmjs.org/ngCordova
27 verbose headers { 'content-type': 'application/json',
27 verbose headers   'cache-control': 'max-age=0',
27 verbose headers   'content-length': '2',
27 verbose headers   'accept-ranges': 'bytes',
27 verbose headers   date: 'Sun, 17 Apr 2016 14:15:21 GMT',
27 verbose headers   via: '1.1 varnish',
27 verbose headers   age: '0',
27 verbose headers   connection: 'keep-alive',
27 verbose headers   'x-served-by': 'cache-lcy1126-LCY',
27 verbose headers   'x-cache': 'MISS',
27 verbose headers   'x-cache-hits': '0',
27 verbose headers   'x-timer': 'S1460902520.962357,VS0,VE689',
27 verbose headers   vary: 'Accept-Encoding' }
28 silly get cb [ 404,
28 silly get   { 'content-type': 'application/json',
28 silly get     'cache-control': 'max-age=0',
28 silly get     'content-length': '2',
28 silly get     'accept-ranges': 'bytes',
28 silly get     date: 'Sun, 17 Apr 2016 14:15:21 GMT',
28 silly get     via: '1.1 varnish',
28 silly get     age: '0',
28 silly get     connection: 'keep-alive',
28 silly get     'x-served-by': 'cache-lcy1126-LCY',
28 silly get     'x-cache': 'MISS',
28 silly get     'x-cache-hits': '0',
28 silly get     'x-timer': 'S1460902520.962357,VS0,VE689',
28 silly get     vary: 'Accept-Encoding' } ]
29 verbose stack Error: Registry returned 404 for GET on https://registry.npmjs.org/ngCordova
29 verbose stack     at makeError (/usr/local/lib/node_modules/npm/node_modules/npm-registry-client/lib/request.js:264:12)
29 verbose stack     at CachingRegistryClient.<anonymous> (/usr/local/lib/node_modules/npm/node_modules/npm-registry-client/lib/request.js:242:14)
29 verbose stack     at Request._callback (/usr/local/lib/node_modules/npm/node_modules/npm-registry-client/lib/request.js:172:14)
29 verbose stack     at Request.self.callback (/usr/local/lib/node_modules/npm/node_modules/request/request.js:198:22)
29 verbose stack     at emitTwo (events.js:87:13)
29 verbose stack     at Request.emit (events.js:172:7)
29 verbose stack     at Request.<anonymous> (/usr/local/lib/node_modules/npm/node_modules/request/request.js:1063:14)
29 verbose stack     at emitOne (events.js:82:20)
29 verbose stack     at Request.emit (events.js:169:7)
29 verbose stack     at IncomingMessage.<anonymous> (/usr/local/lib/node_modules/npm/node_modules/request/request.js:1009:12)
30 verbose statusCode 404
31 verbose pkgid ngCordova
32 verbose cwd /Users/Sevifer/Web/ionic/watsinley
33 error Darwin 15.4.0
34 error argv "/usr/local/bin/node" "/usr/local/bin/npm" "install" "ngCordova" "--save"
35 error node v4.2.1
36 error npm  v2.14.7
37 error code E404
38 error 404 Registry returned 404 for GET on https://registry.npmjs.org/ngCordova
38 error 404
38 error 404 'ngCordova' is not in the npm registry.
38 error 404 Your package name is not valid, because
38 error 404
38 error 404  1. name can no longer contain capital letters
38 error 404 It was specified as a dependency of 'watsinley'
38 error 404
38 error 404 Note that you can also install from a
38 error 404 tarball, folder, http url, or git url.
39 verbose exit [ 1, true ]
